1688377024514:s
1688377042802:exit
1688378067231:p
1688378076752:l
1688378089775:pass
1688378099302:s
1688378103854:exit
1688378125668:l
1688378131034:s
1688378134771:exit
1689185258576:help
1689185445992:as
1689186494177:gs
1689186496111:as
1689186497942:bs
1689186522433:d
1689186684585:gs
1689186686364:as
1689186688192:bs
1689186692866:a
1689186702140:g
1689186711249:b
1689186736671:d
1689186743909:bs
1689186786668:cg
1689186839046:ca
1689186875741:cb
1689186910225:bs
1689186933607:exit
1689189437808:gs
1689189439552:as
1689189442391:bs
1689189449311:d
1689189455243:bs
